2019-02-19T11:02:10.893Z error: no pg_hba.conf entry for host "178.124.194.82", user "etranslate", database "exyljaxasuenub", SSL off
2019-02-19T11:02:10.893Z error: no pg_hba.conf entry for host "178.124.194.82", user "etranslate", database "exyljaxasuenub", SSL off
2019-02-19T11:02:39.307Z error: no pg_hba.conf entry for host "178.124.194.82", user "etranslate", database "exyljaxasuenub", SSL off
2019-02-19T11:05:41.518Z error: no pg_hba.conf entry for host "178.124.194.82", user "etranslate", database "exyljaxasuenub", SSL off
2019-02-19T11:05:41.518Z error: no pg_hba.conf entry for host "178.124.194.82", user "etranslate", database "exyljaxasuenub", SSL off
2019-02-19T11:06:02.716Z error: no pg_hba.conf entry for host "178.124.194.82", user "etranslate", database "exyljaxasuenub", SSL off
2019-02-19T11:06:23.526Z error: no pg_hba.conf entry for host "178.124.194.82", user "etranslate", database "exyljaxasuenub", SSL off
2019-02-19T11:06:23.526Z error: no pg_hba.conf entry for host "178.124.194.82", user "etranslate", database "exyljaxasuenub", SSL off
2019-02-19T11:06:40.731Z error: no pg_hba.conf entry for host "178.124.194.82", user "etranslate", database "exyljaxasuenub", SSL off
2019-02-19T11:07:38.602Z error: no pg_hba.conf entry for host "178.124.194.82", user "exyljaxasuenub", database "d9pjpaebsril9u", SSL off
2019-02-19T11:07:38.602Z error: no pg_hba.conf entry for host "178.124.194.82", user "exyljaxasuenub", database "d9pjpaebsril9u", SSL off
2019-02-19T11:07:56.485Z error: no pg_hba.conf entry for host "178.124.194.82", user "exyljaxasuenub", database "d9pjpaebsril9u", SSL off
2019-02-19T11:10:37.681Z error: relation "users" does not exist
2019-02-19T11:10:37.690Z error: relation "users" does not exist
2019-02-19T11:10:37.959Z error: relation "users" does not exist
2019-02-19T11:11:02.901Z error: relation "users" does not exist
2019-02-19T11:11:02.906Z error: relation "users" does not exist
2019-02-19T11:11:02.992Z error: relation "users" does not exist
2019-02-20T16:38:39.478Z error: The server does not support SSL connections
2019-02-20T16:38:39.478Z error: The server does not support SSL connections
2019-02-20T21:00:00.094Z error: The server does not support SSL connections
2019-02-20T21:00:00.094Z error: The server does not support SSL connections
2019-02-21T03:00:00.100Z error: The server does not support SSL connections
2019-02-21T03:00:00.100Z error: The server does not support SSL connections
2019-02-21T09:00:00.247Z error: The server does not support SSL connections
2019-02-21T09:00:00.247Z error: The server does not support SSL connections
2019-02-21T09:59:02.239Z error: The server does not support SSL connections
2019-02-21T09:59:02.239Z error: The server does not support SSL connections
2019-02-21T09:59:29.981Z error: relation "users" does not exist
2019-02-21T09:59:29.986Z error: relation "users" does not exist
2019-05-22T10:55:47.913Z error: The server does not support SSL connections
2019-05-22T10:55:47.913Z error: The server does not support SSL connections
2019-05-22T10:57:21.912Z error: The server does not support SSL connections
2019-05-22T10:57:21.912Z error: The server does not support SSL connections
2019-05-22T10:59:09.043Z warn: jwt expired
2019-05-22T10:59:09.098Z warn: jwt malformed
2019-05-22T11:21:00.840Z warn: secretOrPrivateKey must have a value
2019-05-22T11:21:23.383Z warn: secretOrPrivateKey must have a value
2019-05-22T11:22:25.787Z warn: jwt expired
2019-05-22T11:22:25.789Z warn: payload is required
2019-05-22T11:22:48.765Z warn: jwt expired
2019-05-22T11:22:48.766Z warn: payload is required
2019-05-22T11:23:30.230Z warn: jwt expired
2019-05-22T11:23:30.235Z warn: payload is required
2019-05-22T11:23:50.951Z warn: jwt expired
2019-05-22T11:23:50.954Z warn: payload is required
2019-05-27T15:10:15.803Z error: The server does not support SSL connections
2019-05-27T15:10:15.803Z error: The server does not support SSL connections
2020-09-08T14:55:42.285Z warn: jwt expired
2020-09-08T14:55:42.758Z warn: jwt malformed
2020-09-08T14:56:19.795Z error: Maximum monthly translated text volume exceeded
2020-09-08T14:56:19.861Z error: Maximum monthly translated text volume exceeded
2020-09-08T14:56:48.452Z error: Maximum monthly translated text volume exceeded
2020-09-08T14:58:00.802Z error: Maximum monthly translated text volume exceeded
2020-09-08T14:58:55.005Z error: Maximum monthly translated text volume exceeded
2020-09-11T13:38:58.951Z error: Model not found.
2020-09-11T13:38:59.100Z error: Model not found.
2020-10-03T13:55:06.016Z error: no pg_hba.conf entry for host "37.214.58.203", user "kwbdsuyhddpohu", database "dfcs7fq3n44q1u", SSL off
2020-10-03T13:55:06.016Z error: no pg_hba.conf entry for host "37.214.58.203", user "kwbdsuyhddpohu", database "dfcs7fq3n44q1u", SSL off
2020-10-03T13:56:20.379Z error: no pg_hba.conf entry for host "37.214.58.203", user "kwbdsuyhddpohu", database "dfcs7fq3n44q1u", SSL off
2020-10-03T13:56:20.379Z error: no pg_hba.conf entry for host "37.214.58.203", user "kwbdsuyhddpohu", database "dfcs7fq3n44q1u", SSL off
2020-10-03T13:59:40.558Z error: connect ECONNREFUSED 127.0.0.1:5433
2020-10-03T13:59:40.558Z error: connect ECONNREFUSED 127.0.0.1:5433
2020-10-03T13:59:49.464Z error: connect ECONNREFUSED 127.0.0.1:5433
2020-10-03T13:59:49.464Z error: connect ECONNREFUSED 127.0.0.1:5433
2020-10-03T13:59:55.454Z error: connect ECONNREFUSED 127.0.0.1:5433
2020-10-03T13:59:55.454Z error: connect ECONNREFUSED 127.0.0.1:5433
2020-10-03T14:00:02.911Z error: connect ECONNREFUSED 127.0.0.1:5433
2020-10-03T14:00:02.911Z error: connect ECONNREFUSED 127.0.0.1:5433
2020-10-03T14:00:20.690Z error: connect ECONNREFUSED 127.0.0.1:5433
2020-10-03T14:00:20.690Z error: connect ECONNREFUSED 127.0.0.1:5433
2020-10-03T14:00:32.766Z error: connect ECONNREFUSED 127.0.0.1:5433
2020-10-03T14:00:32.766Z error: connect ECONNREFUSED 127.0.0.1:5433
2020-10-03T14:00:37.576Z error: connect ECONNREFUSED 127.0.0.1:5433
2020-10-03T14:00:37.576Z error: connect ECONNREFUSED 127.0.0.1:5433
2020-10-03T14:01:19.336Z error: connect ECONNREFUSED 127.0.0.1:5433
2020-10-03T14:01:19.336Z error: connect ECONNREFUSED 127.0.0.1:5433
2020-10-03T14:01:33.762Z error: connect ECONNREFUSED 127.0.0.1:5433
2020-10-03T14:01:33.762Z error: connect ECONNREFUSED 127.0.0.1:5433
2020-10-03T14:09:10.428Z error: Cannot read property 'gte' of undefined
2020-10-03T14:09:10.429Z error: Cannot read property 'gte' of undefined
2020-10-03T14:09:30.008Z error: Cannot read property 'gte' of undefined
2020-10-03T14:09:30.010Z error: Cannot read property 'gte' of undefined
2020-10-03T14:11:02.004Z error: Cannot read property 'gte' of undefined
2020-10-03T14:11:02.005Z error: Cannot read property 'gte' of undefined
2020-10-03T14:11:45.312Z error: Cannot read property 'gte' of undefined
2020-10-03T14:11:45.313Z error: Cannot read property 'gte' of undefined
2020-10-03T14:11:53.665Z error: Cannot read property 'gte' of undefined
2020-10-03T14:11:53.667Z error: Cannot read property 'gte' of undefined
2020-10-03T14:12:24.521Z error: Cannot read property 'gte' of undefined
2020-10-03T14:12:24.523Z error: Cannot read property 'gte' of undefined
2020-10-03T14:12:28.435Z error: Cannot read property 'gte' of undefined
2020-10-03T14:12:28.436Z error: Cannot read property 'gte' of undefined
2020-10-03T14:12:31.567Z error: Cannot read property 'gte' of undefined
2020-10-03T14:12:31.568Z error: Cannot read property 'gte' of undefined
2020-10-03T14:12:36.998Z error: Cannot read property 'gte' of undefined
2020-10-03T14:12:36.999Z error: Cannot read property 'gte' of undefined
2020-10-03T14:12:38.680Z error: Cannot read property 'gte' of undefined
2020-10-03T14:12:38.681Z error: Cannot read property 'gte' of undefined
2020-10-03T14:14:11.452Z error: Cannot read property 'gte' of undefined
2020-10-03T14:14:11.453Z error: Cannot read property 'gte' of undefined
2020-10-03T14:14:15.978Z error: Cannot read property 'gte' of undefined
2020-10-03T14:14:15.979Z error: Cannot read property 'gte' of undefined
2020-10-03T14:14:50.408Z error: Cannot read property 'gte' of undefined
2020-10-03T14:14:50.410Z error: Cannot read property 'gte' of undefined
2020-10-03T14:15:10.096Z warn: Cannot read property 'split' of undefined
2020-10-03T14:15:10.096Z error: Missing required parameters: text
2020-10-03T14:15:22.342Z error: Cannot read property 'gte' of undefined
2020-10-03T14:15:22.343Z error: Cannot read property 'gte' of undefined
2020-10-03T14:16:55.656Z error: Cannot read property 'gte' of undefined
2020-10-03T14:16:55.658Z error: Cannot read property 'gte' of undefined
2020-10-03T14:19:46.244Z error: Cannot read property 'gte' of undefined
2020-10-03T14:19:46.245Z error: Cannot read property 'gte' of undefined
2020-10-03T14:19:59.762Z error: Cannot read property 'gte' of undefined
2020-10-03T14:19:59.763Z error: Cannot read property 'gte' of undefined
2020-10-03T14:20:02.005Z error: Cannot read property 'gte' of undefined
2020-10-03T14:20:02.007Z error: Cannot read property 'gte' of undefined
2020-10-03T14:20:26.430Z error: Cannot read property 'gte' of undefined
2020-10-03T14:20:26.431Z error: Cannot read property 'gte' of undefined
2020-10-03T14:22:53.495Z error: Cannot read property 'gte' of undefined
2020-10-03T14:22:53.496Z error: Cannot read property 'gte' of undefined
2020-10-03T14:23:01.548Z error: Cannot read property 'gte' of undefined
2020-10-03T14:23:01.550Z error: Cannot read property 'gte' of undefined
2020-10-03T14:23:17.065Z error: Cannot read property 'gte' of undefined
2020-10-03T14:23:17.066Z error: Cannot read property 'gte' of undefined
2020-10-03T14:23:40.095Z error: Cannot read property 'gte' of undefined
2020-10-03T14:23:40.096Z error: Cannot read property 'gte' of undefined
2020-10-03T14:23:44.941Z error: Cannot read property 'gte' of undefined
2020-10-03T14:23:44.942Z error: Cannot read property 'gte' of undefined
2020-10-03T14:23:58.091Z error: Cannot read property 'gte' of undefined
2020-10-03T14:23:58.092Z error: Cannot read property 'gte' of undefined
2020-10-03T14:23:59.863Z error: Cannot read property 'gte' of undefined
2020-10-03T14:23:59.865Z error: Cannot read property 'gte' of undefined
2020-10-03T14:24:14.699Z error: Cannot read property 'gte' of undefined
2020-10-03T14:24:14.700Z error: Cannot read property 'gte' of undefined
2020-10-03T14:24:24.978Z error: Cannot read property 'gte' of undefined
2020-10-03T14:24:24.979Z error: Cannot read property 'gte' of undefined
2020-10-03T14:24:28.267Z error: Cannot read property 'gte' of undefined
2020-10-03T14:24:28.268Z error: Cannot read property 'gte' of undefined
2020-10-03T14:24:33.456Z error: Cannot read property 'gte' of undefined
2020-10-03T14:24:33.457Z error: Cannot read property 'gte' of undefined
2020-10-03T14:24:47.040Z error: Cannot read property 'gte' of undefined
2020-10-03T14:24:47.041Z error: Cannot read property 'gte' of undefined
2020-10-03T14:24:53.888Z error: Cannot read property 'gte' of undefined
2020-10-03T14:24:53.889Z error: Cannot read property 'gte' of undefined
2020-10-03T14:25:46.175Z error: Cannot read property 'gte' of undefined
2020-10-03T14:25:46.176Z error: Cannot read property 'gte' of undefined
2020-10-03T14:25:51.215Z error: Cannot read property 'gte' of undefined
2020-10-03T14:25:51.217Z error: Cannot read property 'gte' of undefined
2020-10-03T14:25:54.171Z error: Cannot read property 'gte' of undefined
2020-10-03T14:25:54.172Z error: Cannot read property 'gte' of undefined
2020-10-03T14:25:59.838Z error: Cannot read property 'gte' of undefined
2020-10-03T14:25:59.839Z error: Cannot read property 'gte' of undefined
2020-10-03T14:26:07.863Z error: userModel.destroy is not a function
2020-10-03T14:26:07.864Z error: userModel.update is not a function
2020-10-03T14:26:15.184Z error: connect ECONNREFUSED 127.0.0.1:5433
2020-10-03T14:26:15.184Z error: connect ECONNREFUSED 127.0.0.1:5433
2020-10-03T14:26:23.647Z error: connect ECONNREFUSED 127.0.0.1:5433
2020-10-03T14:26:23.647Z error: connect ECONNREFUSED 127.0.0.1:5433
2020-10-04T13:30:11.884Z error: Cannot read property 'gte' of undefined
2020-10-04T13:30:11.885Z error: Cannot read property 'gte' of undefined
2020-10-04T13:30:37.850Z error: Cannot read property 'gte' of undefined
2020-10-04T13:30:37.851Z error: Cannot read property 'gte' of undefined
2020-10-04T13:30:39.585Z error: Cannot read property 'gte' of undefined
2020-10-04T13:30:39.587Z error: Cannot read property 'gte' of undefined
2020-10-04T13:30:41.900Z error: Cannot read property 'gte' of undefined
2020-10-04T13:30:41.902Z error: Cannot read property 'gte' of undefined
2020-10-04T13:30:46.728Z error: Cannot read property 'gte' of undefined
2020-10-04T13:30:46.729Z error: Cannot read property 'gte' of undefined
2020-10-04T13:31:02.564Z error: Cannot read property 'gte' of undefined
2020-10-04T13:31:02.566Z error: Cannot read property 'gte' of undefined
2020-10-04T13:31:05.232Z error: Cannot read property 'gte' of undefined
2020-10-04T13:31:05.233Z error: Cannot read property 'gte' of undefined
2020-10-04T13:38:01.564Z error: Cannot read property 'gte' of undefined
2020-10-04T13:38:01.565Z error: Cannot read property 'gte' of undefined
2020-10-04T13:38:05.541Z error: userModel.destroy is not a function
2020-10-04T13:38:05.545Z error: userModel.update is not a function
2020-10-04T13:38:12.703Z error: connect ECONNREFUSED 127.0.0.1:5433
2020-10-04T13:38:12.703Z error: connect ECONNREFUSED 127.0.0.1:5433
2020-10-04T14:44:47.934Z error: connect ECONNREFUSED 127.0.0.1:5433
2020-10-04T14:44:47.934Z error: connect ECONNREFUSED 127.0.0.1:5433
2020-10-04T14:45:16.055Z error: connect ECONNREFUSED 127.0.0.1:5433
2020-10-04T14:45:16.055Z error: connect ECONNREFUSED 127.0.0.1:5433
2020-10-30T14:53:22.015Z warn: Cannot read property 'split' of undefined
2020-10-30T14:54:08.378Z warn: Cannot read property 'split' of undefined
2020-10-30T14:54:31.822Z warn: Cannot read property 'split' of undefined
2020-10-30T14:54:37.618Z error: The "path" argument must be of type string or an instance of Buffer or URL. Received undefined
2020-10-30T14:55:07.333Z warn: Cannot read property 'split' of undefined
2020-10-30T14:55:10.868Z error: could not detect endianness after looking at the tail 13160 non-zero byte string in a data stream of 13261 bytes. Is the bytestream really PCM data?
2020-10-30T14:57:08.458Z warn: Cannot read property 'split' of undefined
2020-10-30T14:57:10.152Z error: unable to transcode data stream audio/wav -> audio/x-float-array 
2020-10-30T14:57:50.413Z warn: Cannot read property 'split' of undefined
2020-10-30T14:57:51.789Z error: unable to transcode data stream audio/wav -> audio/x-float-array 
2020-10-30T14:58:00.305Z warn: Cannot read property 'split' of undefined
2020-10-30T14:58:01.222Z error: unable to transcode data stream audio/wav -> audio/x-float-array 
2020-10-30T14:58:19.313Z warn: Cannot read property 'split' of undefined
2020-10-30T15:00:27.504Z warn: Cannot read property 'split' of undefined
2020-10-30T15:00:29.326Z error: This 8000hz audio input requires a narrow band model.  See https://<STT_API_ENDPOINT>/v1/models for a list of available models.
2020-10-30T15:00:58.041Z warn: Cannot read property 'split' of undefined
2020-10-30T15:00:59.098Z error: could not detect endianness after looking at the tail 13160 non-zero byte string in a data stream of 13261 bytes. Is the bytestream really PCM data?
2020-10-30T15:01:58.078Z warn: Cannot read property 'split' of undefined
2020-10-30T15:01:58.632Z error: could not detect endianness after looking at the tail 72694 non-zero byte string in a data stream of 72794 bytes. Is the bytestream really PCM data?
2020-10-30T15:02:08.454Z warn: Cannot read property 'split' of undefined
2020-10-30T15:02:09.400Z error: unable to transcode data stream audio/mpeg -> audio/x-float-array 
2020-10-30T15:02:46.661Z warn: Cannot read property 'split' of undefined
2020-10-30T15:02:47.512Z error: rate parameter missing in mimetype audio/x-float-array
2020-10-30T15:03:03.346Z warn: Cannot read property 'split' of undefined
2020-10-30T15:04:09.658Z warn: Cannot read property 'split' of undefined
2020-10-30T15:04:43.249Z warn: Cannot read property 'split' of undefined
2020-10-30T15:05:02.091Z warn: Cannot read property 'split' of undefined
2020-10-30T15:05:16.850Z warn: Cannot read property 'split' of undefined
2020-10-30T15:05:38.903Z warn: Cannot read property 'split' of undefined
2020-10-30T15:05:54.068Z warn: Cannot read property 'split' of undefined
2020-10-30T15:06:27.743Z warn: Cannot read property 'split' of undefined
2020-10-30T15:07:33.163Z warn: Cannot read property 'split' of undefined
2020-10-30T15:07:42.097Z warn: Cannot read property 'split' of undefined
2020-10-30T15:08:23.885Z warn: Cannot read property 'split' of undefined
2020-10-30T15:09:59.178Z warn: Cannot read property 'split' of undefined
2020-10-30T15:10:01.268Z error: could not detect endianness after looking at the tail 29512 non-zero byte string in a data stream of 29613 bytes. Is the bytestream really PCM data?
2020-10-30T15:10:16.640Z warn: Cannot read property 'split' of undefined
2020-10-30T15:10:17.793Z error: could not detect endianness after looking at the tail 29512 non-zero byte string in a data stream of 29613 bytes. Is the bytestream really PCM data?
2020-10-30T15:10:28.868Z warn: Cannot read property 'split' of undefined
2020-10-30T15:10:44.411Z warn: Cannot read property 'split' of undefined
2020-10-30T15:10:45.995Z error: could not detect endianness after looking at the tail 29512 non-zero byte string in a data stream of 29613 bytes. Is the bytestream really PCM data?
2020-10-30T15:11:03.744Z warn: Cannot read property 'split' of undefined
2020-10-30T15:11:10.003Z warn: Cannot read property 'split' of undefined
2020-10-30T15:11:21.451Z warn: Cannot read property 'split' of undefined
2020-10-30T15:11:22.673Z error: could not detect endianness after looking at the tail 29512 non-zero byte string in a data stream of 29613 bytes. Is the bytestream really PCM data?
2020-10-30T15:14:49.068Z warn: Cannot read property 'split' of undefined
2020-10-30T15:15:16.665Z warn: Cannot read property 'split' of undefined
2020-10-30T15:15:18.135Z error: could not detect endianness after looking at the tail 29512 non-zero byte string in a data stream of 29613 bytes. Is the bytestream really PCM data?
2020-10-30T15:16:27.902Z warn: Cannot read property 'split' of undefined
2020-10-30T15:20:22.975Z warn: Cannot read property 'split' of undefined
2020-10-30T15:21:51.650Z warn: Cannot read property 'split' of undefined
2020-10-30T15:23:34.552Z warn: Cannot read property 'split' of undefined
2020-10-30T15:23:34.556Z error: The "path" argument must be of type string or an instance of Buffer or URL. Received undefined
2020-10-30T15:23:46.426Z warn: Cannot read property 'split' of undefined
2020-10-30T15:23:46.429Z error: The "path" argument must be of type string or an instance of Buffer or URL. Received an instance of Object
2020-10-30T15:23:47.829Z warn: Cannot read property 'split' of undefined
2020-10-30T15:23:47.829Z error: The "path" argument must be of type string or an instance of Buffer or URL. Received an instance of Object
2020-10-30T15:24:01.683Z warn: Cannot read property 'split' of undefined
2020-10-30T15:24:02.641Z error: Stream was 2 bytes but needs to be at least 100 bytes.
2020-10-30T15:25:00.322Z warn: Cannot read property 'split' of undefined
2020-10-30T15:25:00.325Z error: The first argument must be of type string or an instance of Buffer, ArrayBuffer, or Array or an Array-like Object. Received an instance of Object
2020-10-30T15:25:02.267Z warn: Cannot read property 'split' of undefined
2020-10-30T15:25:02.267Z error: The first argument must be of type string or an instance of Buffer, ArrayBuffer, or Array or an Array-like Object. Received an instance of Object
2020-10-30T15:27:22.706Z warn: Cannot read property 'split' of undefined
2020-10-30T15:27:22.709Z error: The "list" argument must be an instance of Array. Received an instance of Object
2020-10-30T15:27:36.446Z warn: Cannot read property 'split' of undefined
2020-10-30T15:27:36.449Z error: The "list[0]" argument must be an instance of Buffer or Uint8Array. Received an instance of Object
2020-10-30T15:28:16.068Z warn: Cannot read property 'split' of undefined
2020-10-30T15:28:16.075Z error: Cannot read property 'path' of undefined
2020-10-30T15:28:22.251Z warn: Cannot read property 'split' of undefined
2020-10-30T15:28:22.256Z error: Cannot read property 'path' of undefined
2020-10-30T15:28:35.328Z warn: Cannot read property 'split' of undefined
2020-10-30T15:29:32.581Z warn: Cannot read property 'split' of undefined
2020-10-30T15:30:10.083Z warn: Cannot read property 'split' of undefined
2020-10-30T15:30:19.074Z warn: Cannot read property 'split' of undefined
2020-10-30T15:30:27.309Z warn: Cannot read property 'split' of undefined
2020-10-30T15:30:29.767Z warn: Cannot read property 'split' of undefined
2020-10-30T15:30:31.594Z warn: Cannot read property 'split' of undefined
2020-10-30T15:30:40.834Z warn: Cannot read property 'split' of undefined
2020-10-30T15:31:01.367Z warn: Cannot read property 'split' of undefined
2020-10-30T15:31:04.485Z warn: Cannot read property 'split' of undefined
2020-10-30T15:31:18.002Z warn: Cannot read property 'split' of undefined
2020-10-30T15:31:22.301Z warn: Cannot read property 'split' of undefined
